[debug] [2025-08-14T18:44:12.630Z] ----------------------------------------------------------------------
[debug] [2025-08-14T18:44:12.633Z] Command:       /usr/bin/node /usr/bin/firebase projects:list --json
[debug] [2025-08-14T18:44:12.634Z] CLI Version:   14.12.0
[debug] [2025-08-14T18:44:12.634Z] Platform:      linux
[debug] [2025-08-14T18:44:12.634Z] Node Version:  v20.19.4
[debug] [2025-08-14T18:44:12.634Z] Time:          Thu Aug 14 2025 21:44:12 GMT+0300 (Москва, стандартное время)
[debug] [2025-08-14T18:44:12.634Z] ----------------------------------------------------------------------
[debug] 
[debug] [2025-08-14T18:44:12.639Z] > command requires scopes: ["email","openid","https://www.googleapis.com/auth/cloudplatformprojects.readonly","https://www.googleapis.com/auth/firebase","https://www.googleapis.com/auth/cloud-platform"]
[debug] [2025-08-14T18:44:12.640Z] > authorizing via signed-in user (fiadorin@gmail.com)
[debug] [2025-08-14T18:44:12.646Z] Checked if tokens are valid: true, expires at: 1755199871502
[debug] [2025-08-14T18:44:12.646Z] Checked if tokens are valid: true, expires at: 1755199871502
[debug] [2025-08-14T18:44:12.648Z] >>> [apiv2][query] GET https://firebase.googleapis.com/v1beta1/projects pageSize=1000
[debug] [2025-08-14T18:44:13.260Z] <<< [apiv2][status] GET https://firebase.googleapis.com/v1beta1/projects 200
[debug] [2025-08-14T18:44:13.261Z] <<< [apiv2][body] GET https://firebase.googleapis.com/v1beta1/projects [omitted]
[info] ┌──────────────────────┬────────────────┬────────────────┬──────────────────────┐
│ Project Display Name │ Project ID     │ Project Number │ Resource Location ID │
├──────────────────────┼────────────────┼────────────────┼──────────────────────┤
│ mymessenger-ru       │ mymessenger-ru │ 410692926947   │ [Not specified]      │
└──────────────────────┴────────────────┴────────────────┴──────────────────────┘
[info] 
[info] 1 project(s) total.
[debug] [2025-08-14T18:44:13.290Z] Error: write EPIPE
    at afterWriteDispatched (node:internal/stream_base_commons:161:15)
    at writeGeneric (node:internal/stream_base_commons:152:3)
    at Socket._writeGeneric (node:net:958:11)
    at Socket._write (node:net:970:8)
    at writeOrBuffer (node:internal/streams/writable:572:12)
    at _write (node:internal/streams/writable:501:10)
    at Writable.write (node:internal/streams/writable:510:10)
    at /usr/lib/node_modules/firebase-tools/lib/command.js:98:40
    at new Promise (<anonymous>)
    at /usr/lib/node_modules/firebase-tools/lib/command.js:97:27
[error] 
[error] Error: An unexpected error has occurred.
